<component name="libraryTable">
  <library name="junit-jupiter-engine-5.9.2">
    <CLASSES>
      <root url="jar://$PROJECT_DIR$/libs/junit-jupiter-engine-5.9.2.jar!/" />
    </CLASSES>
    <JAVADOC />
    <SOURCES />
  </library>
</component>